<?xml version="1.0" encoding="UTF-8"?>
<!-- Generated by org.testng.reporters.JUnitReportReporter -->
<testsuite hostname="DESKTOP-QRU3P6J" failures="0" tests="1" name="qa.flipkart.Flipkartpage" time="29.518" errors="0" timestamp="2021-07-05T09:00:02 IST" skipped="0">
  <testcase classname="qa.flipkart.Flipkartpage" name="NaviagteToSearch" time="29.518"/>
  <system-out/>
</testsuite> <!-- qa.flipkart.Flipkartpage -->
