<?xml version="1.0" encoding="UTF-8"?>
<!-- Generated by org.testng.reporters.JUnitReportReporter -->
<testsuite hostname="DESKTOP-QRU3P6J" failures="0" tests="1" name="qa.testcases.HomePageTest" time="23.072" errors="0" timestamp="2021-07-04T19:23:31 IST" skipped="0">
  <testcase classname="qa.testcases.HomePageTest" name="NaviagteToElectronic" time="23.072"/>
  <system-out/>
</testsuite> <!-- qa.testcases.HomePageTest -->
